<?xml version="1.0" encoding="UTF-8"?>
<!-- Generated by org.testng.reporters.JUnitXMLReporter -->
<testsuite hostname="Marzenka-PC" name="findAllLinks" tests="10" failures="0" timestamp="3 Sep 2017 19:57:02 GMT" time="47.936" errors="0">
  <testcase name="@BeforeMethod beforMethod" time="0.0" classname="Helion4.HelionTest4">
    <failure type="org.openqa.selenium.WebDriverException" message="Failed to connect to binary FirefoxBinary(C:\Program Files\Mozilla Firefox\firefox.exe) on port 7055; process output follows: 
ystem-defaults
1504468581767	addons.xpi	DEBUG	Existing add-on firefox@getpocket.com in app-system-defaults
1504468581767	addons.xpi	DEBUG	Existing add-on followonsearch@mozilla.com in app-system-defaults
1504468581768	addons.xpi	DEBUG	Existing add-on screenshots@mozilla.org in app-system-defaults
1504468581768	addons.xpi	DEBUG	Existing add-on shield-recipe-client@mozilla.org in app-system-defaults
1504468581768	addons.xpi	DEBUG	Existing add-on webcompat@mozilla.org in app-system-defaults
1504468581769	addons.xpi	INFO	Mapping {972ce4c6-7e08-4474-a285-3208198ce6fd} to C:\Program Files\Mozilla Firefox\browser\extensions\{972ce4c6-7e08-4474-a285-3208198ce6fd}.xpi
1504468581769	addons.xpi	DEBUG	Existing add-on {972ce4c6-7e08-4474-a285-3208198ce6fd} in app-global
1504468581769	addons.xpi	DEBUG	getInstallState changed: false, state: {}
1504468582156	addons.productaddons	INFO	sending request to: https://aus5.mozilla.org/update/3/GMP/55.0.3/20170824053622/WINNT_x86_64-msvc-x64/pl/release/Windows_NT%206.3.0.0%20(x64)/default/default/update.xml
1504468583663	addons.productaddons	INFO	Completed downloading document
1504468583946	addons.productaddons	INFO	downloadXHR File download. status=200
1504468583951	addons.productaddons	INFO	Downloaded file will be saved to C:\Users\Marzenka\AppData\Local\Temp\tmpaddon
1504468584995	addons.productaddons	INFO	downloadXHR File download. status=200
1504468585009	addons.productaddons	INFO	Downloaded file will be saved to C:\Users\Marzenka\AppData\Local\Temp\tmpaddon
1504468589591	addons.xpi	DEBUG	Calling bootstrap method shutdown on webcompat@mozilla.org version 1.1
1504468589591	addons.xpi	DEBUG	Calling bootstrap method shutdown on shield-recipe-client@mozilla.org version 55.1
1504468589596	addons.xpi	DEBUG	Calling bootstrap method shutdown on screenshots@mozilla.org version 10.12.0
1504468589598	addons.xpi	DEBUG	Calling bootstrap method shutdown on followonsearch@mozilla.com version 0.9.1
1504468589599	addons.xpi	DEBUG	Calling bootstrap method shutdown on firefox@getpocket.com version 1.0.5
1504468589600	addons.xpi	DEBUG	Calling bootstrap method shutdown on e10srollout@mozilla.org version 2.0
1504468589602	addons.xpi	DEBUG	Calling bootstrap method shutdown on clicktoplay-rollout@mozilla.org version 1.2
1504468589602	addons.xpi	DEBUG	Calling bootstrap method shutdown on aushelper@mozilla.org version 2.0
[GPU 6896] WARNING: pipe error: 109: file c:/builds/moz2_slave/m-rel-w64-00000000000000000000/build/src/ipc/chromium/src/chrome/common/ipc_channel_win.cc, line 346
[GPU 6896] WARNING: pipe error: 109: file c:/builds/moz2_slave/m-rel-w64-00000000000000000000/build/src/ipc/chromium/src/chrome/common/ipc_channel_win.cc, line 346
Unable to read VR Path Registry from C:\Users\Marzenka\AppData\Local\openvr\openvrpaths.vrpath
[Child 904] WARNING: pipe error: 109: file c:/builds/moz2_slave/m-rel-w64-00000000000000000000/build/src/ipc/chromium/src/chrome/common/ipc_channel_win.cc, line 346
1504468590137	addons.manager	DEBUG	shutdown
1504468590139	addons.manager	DEBUG	Calling shutdown blocker for XPIProvider
1504468590139	addons.xpi	DEBUG	shutdown
1504468590140	addons.xpi-utils	DEBUG	shutdown
1504468590141	addons.manager	DEBUG	Calling shutdown blocker for LightweightThemeManager
1504468590142	addons.manager	DEBUG	Calling shutdown blocker for GMPProvider
1504468590144	addons.manager	DEBUG	Calling shutdown blocker for PluginProvider
1504468590145	addons.manager	DEBUG	Calling shutdown blocker for PreviousExperimentProvider
1504468590146	addons.manager	DEBUG	Calling shutdown blocker for &amp;lt;unnamed-provider&amp;gt;
1504468590151	addons.xpi	DEBUG	Notifying XPI shutdown observers
1504468590161	addons.manager	DEBUG	Async provider shutdown done
[GPU 6896] WARNING: pipe error: 109: file c:/builds/moz2_slave/m-rel-w64-00000000000000000000/build/src/ipc/chromium/src/chrome/common/ipc_channel_win.cc, line 346

###!!! [Child][MessageChannel::SendAndWait] Error: Channel error: cannot send/recv

Unable to read VR Path Registry from C:\Users\Marzenka\AppData\Local\openvr\openvrpaths.vrpath

Build info: version: &amp;apos;2.53.0&amp;apos;, revision: &amp;apos;35ae25b&amp;apos;, time: &amp;apos;2016-03-15 16:57:40&amp;apos;
System info: host: &amp;apos;Marzenka-PC&amp;apos;, ip: &amp;apos;192.168.1.4&amp;apos;, os.name: &amp;apos;Windows 8.1&amp;apos;, os.arch: &amp;apos;amd64&amp;apos;, os.version: &amp;apos;6.3&amp;apos;, java.version: &amp;apos;1.8.0_91&amp;apos;
Driver info: driver.version: FirefoxDriver">
      <![CDATA[org.openqa.selenium.WebDriverException: Failed to connect to binary FirefoxBinary(C:\Program Files\Mozilla Firefox\firefox.exe) on port 7055; process output follows: 
ystem-defaults
1504468581767	addons.xpi	DEBUG	Existing add-on firefox@getpocket.com in app-system-defaults
1504468581767	addons.xpi	DEBUG	Existing add-on followonsearch@mozilla.com in app-system-defaults
1504468581768	addons.xpi	DEBUG	Existing add-on screenshots@mozilla.org in app-system-defaults
1504468581768	addons.xpi	DEBUG	Existing add-on shield-recipe-client@mozilla.org in app-system-defaults
1504468581768	addons.xpi	DEBUG	Existing add-on webcompat@mozilla.org in app-system-defaults
1504468581769	addons.xpi	INFO	Mapping {972ce4c6-7e08-4474-a285-3208198ce6fd} to C:\Program Files\Mozilla Firefox\browser\extensions\{972ce4c6-7e08-4474-a285-3208198ce6fd}.xpi
1504468581769	addons.xpi	DEBUG	Existing add-on {972ce4c6-7e08-4474-a285-3208198ce6fd} in app-global
1504468581769	addons.xpi	DEBUG	getInstallState changed: false, state: {}
1504468582156	addons.productaddons	INFO	sending request to: https://aus5.mozilla.org/update/3/GMP/55.0.3/20170824053622/WINNT_x86_64-msvc-x64/pl/release/Windows_NT%206.3.0.0%20(x64)/default/default/update.xml
1504468583663	addons.productaddons	INFO	Completed downloading document
1504468583946	addons.productaddons	INFO	downloadXHR File download. status=200
1504468583951	addons.productaddons	INFO	Downloaded file will be saved to C:\Users\Marzenka\AppData\Local\Temp\tmpaddon
1504468584995	addons.productaddons	INFO	downloadXHR File download. status=200
1504468585009	addons.productaddons	INFO	Downloaded file will be saved to C:\Users\Marzenka\AppData\Local\Temp\tmpaddon
1504468589591	addons.xpi	DEBUG	Calling bootstrap method shutdown on webcompat@mozilla.org version 1.1
1504468589591	addons.xpi	DEBUG	Calling bootstrap method shutdown on shield-recipe-client@mozilla.org version 55.1
1504468589596	addons.xpi	DEBUG	Calling bootstrap method shutdown on screenshots@mozilla.org version 10.12.0
1504468589598	addons.xpi	DEBUG	Calling bootstrap method shutdown on followonsearch@mozilla.com version 0.9.1
1504468589599	addons.xpi	DEBUG	Calling bootstrap method shutdown on firefox@getpocket.com version 1.0.5
1504468589600	addons.xpi	DEBUG	Calling bootstrap method shutdown on e10srollout@mozilla.org version 2.0
1504468589602	addons.xpi	DEBUG	Calling bootstrap method shutdown on clicktoplay-rollout@mozilla.org version 1.2
1504468589602	addons.xpi	DEBUG	Calling bootstrap method shutdown on aushelper@mozilla.org version 2.0
[GPU 6896] WARNING: pipe error: 109: file c:/builds/moz2_slave/m-rel-w64-00000000000000000000/build/src/ipc/chromium/src/chrome/common/ipc_channel_win.cc, line 346
[GPU 6896] WARNING: pipe error: 109: file c:/builds/moz2_slave/m-rel-w64-00000000000000000000/build/src/ipc/chromium/src/chrome/common/ipc_channel_win.cc, line 346
Unable to read VR Path Registry from C:\Users\Marzenka\AppData\Local\openvr\openvrpaths.vrpath
[Child 904] WARNING: pipe error: 109: file c:/builds/moz2_slave/m-rel-w64-00000000000000000000/build/src/ipc/chromium/src/chrome/common/ipc_channel_win.cc, line 346
1504468590137	addons.manager	DEBUG	shutdown
1504468590139	addons.manager	DEBUG	Calling shutdown blocker for XPIProvider
1504468590139	addons.xpi	DEBUG	shutdown
1504468590140	addons.xpi-utils	DEBUG	shutdown
1504468590141	addons.manager	DEBUG	Calling shutdown blocker for LightweightThemeManager
1504468590142	addons.manager	DEBUG	Calling shutdown blocker for GMPProvider
1504468590144	addons.manager	DEBUG	Calling shutdown blocker for PluginProvider
1504468590145	addons.manager	DEBUG	Calling shutdown blocker for PreviousExperimentProvider
1504468590146	addons.manager	DEBUG	Calling shutdown blocker for <unnamed-provider>
1504468590151	addons.xpi	DEBUG	Notifying XPI shutdown observers
1504468590161	addons.manager	DEBUG	Async provider shutdown done
[GPU 6896] WARNING: pipe error: 109: file c:/builds/moz2_slave/m-rel-w64-00000000000000000000/build/src/ipc/chromium/src/chrome/common/ipc_channel_win.cc, line 346

###!!! [Child][MessageChannel::SendAndWait] Error: Channel error: cannot send/recv

Unable to read VR Path Registry from C:\Users\Marzenka\AppData\Local\openvr\openvrpaths.vrpath

Build info: version: '2.53.0', revision: '35ae25b', time: '2016-03-15 16:57:40'
System info: host: 'Marzenka-PC', ip: '192.168.1.4', os.name: 'Windows 8.1', os.arch: 'amd64', os.version: '6.3', java.version: '1.8.0_91'
Driver info: driver.version: FirefoxDriver
	at org.openqa.selenium.firefox.internal.NewProfileExtensionConnection.start(NewProfileExtensionConnection.java:124)
	at org.openqa.selenium.firefox.FirefoxDriver.startClient(FirefoxDriver.java:271)
	at org.openqa.selenium.remote.RemoteWebDriver.<init>(RemoteWebDriver.java:119)
	at org.openqa.selenium.firefox.FirefoxDriver.<init>(FirefoxDriver.java:218)
	at org.openqa.selenium.firefox.FirefoxDriver.<init>(FirefoxDriver.java:211)
	at org.openqa.selenium.firefox.FirefoxDriver.<init>(FirefoxDriver.java:129)
	at Helion4.HelionTest4.beforMethod(HelionTest4.java:70)
Caused by: org.openqa.selenium.firefox.NotConnectedException: Unable to connect to host 127.0.0.1 on port 7055 after 45000 ms. Firefox console output:
ystem-defaults
1504468581767	addons.xpi	DEBUG	Existing add-on firefox@getpocket.com in app-system-defaults
1504468581767	addons.xpi	DEBUG	Existing add-on followonsearch@mozilla.com in app-system-defaults
1504468581768	addons.xpi	DEBUG	Existing add-on screenshots@mozilla.org in app-system-defaults
1504468581768	addons.xpi	DEBUG	Existing add-on shield-recipe-client@mozilla.org in app-system-defaults
1504468581768	addons.xpi	DEBUG	Existing add-on webcompat@mozilla.org in app-system-defaults
1504468581769	addons.xpi	INFO	Mapping {972ce4c6-7e08-4474-a285-3208198ce6fd} to C:\Program Files\Mozilla Firefox\browser\extensions\{972ce4c6-7e08-4474-a285-3208198ce6fd}.xpi
1504468581769	addons.xpi	DEBUG	Existing add-on {972ce4c6-7e08-4474-a285-3208198ce6fd} in app-global
1504468581769	addons.xpi	DEBUG	getInstallState changed: false, state: {}
1504468582156	addons.productaddons	INFO	sending request to: https://aus5.mozilla.org/update/3/GMP/55.0.3/20170824053622/WINNT_x86_64-msvc-x64/pl/release/Windows_NT%206.3.0.0%20(x64)/default/default/update.xml
1504468583663	addons.productaddons	INFO	Completed downloading document
1504468583946	addons.productaddons	INFO	downloadXHR File download. status=200
1504468583951	addons.productaddons	INFO	Downloaded file will be saved to C:\Users\Marzenka\AppData\Local\Temp\tmpaddon
1504468584995	addons.productaddons	INFO	downloadXHR File download. status=200
1504468585009	addons.productaddons	INFO	Downloaded file will be saved to C:\Users\Marzenka\AppData\Local\Temp\tmpaddon
1504468589591	addons.xpi	DEBUG	Calling bootstrap method shutdown on webcompat@mozilla.org version 1.1
1504468589591	addons.xpi	DEBUG	Calling bootstrap method shutdown on shield-recipe-client@mozilla.org version 55.1
1504468589596	addons.xpi	DEBUG	Calling bootstrap method shutdown on screenshots@mozilla.org version 10.12.0
1504468589598	addons.xpi	DEBUG	Calling bootstrap method shutdown on followonsearch@mozilla.com version 0.9.1
1504468589599	addons.xpi	DEBUG	Calling bootstrap method shutdown on firefox@getpocket.com version 1.0.5
1504468589600	addons.xpi	DEBUG	Calling bootstrap method shutdown on e10srollout@mozilla.org version 2.0
1504468589602	addons.xpi	DEBUG	Calling bootstrap method shutdown on clicktoplay-rollout@mozilla.org version 1.2
1504468589602	addons.xpi	DEBUG	Calling bootstrap method shutdown on aushelper@mozilla.org version 2.0
[GPU 6896] WARNING: pipe error: 109: file c:/builds/moz2_slave/m-rel-w64-00000000000000000000/build/src/ipc/chromium/src/chrome/common/ipc_channel_win.cc, line 346
[GPU 6896] WARNING: pipe error: 109: file c:/builds/moz2_slave/m-rel-w64-00000000000000000000/build/src/ipc/chromium/src/chrome/common/ipc_channel_win.cc, line 346
Unable to read VR Path Registry from C:\Users\Marzenka\AppData\Local\openvr\openvrpaths.vrpath
[Child 904] WARNING: pipe error: 109: file c:/builds/moz2_slave/m-rel-w64-00000000000000000000/build/src/ipc/chromium/src/chrome/common/ipc_channel_win.cc, line 346
1504468590137	addons.manager	DEBUG	shutdown
1504468590139	addons.manager	DEBUG	Calling shutdown blocker for XPIProvider
1504468590139	addons.xpi	DEBUG	shutdown
1504468590140	addons.xpi-utils	DEBUG	shutdown
1504468590141	addons.manager	DEBUG	Calling shutdown blocker for LightweightThemeManager
1504468590142	addons.manager	DEBUG	Calling shutdown blocker for GMPProvider
1504468590144	addons.manager	DEBUG	Calling shutdown blocker for PluginProvider
1504468590145	addons.manager	DEBUG	Calling shutdown blocker for PreviousExperimentProvider
1504468590146	addons.manager	DEBUG	Calling shutdown blocker for <unnamed-provider>
1504468590151	addons.xpi	DEBUG	Notifying XPI shutdown observers
1504468590161	addons.manager	DEBUG	Async provider shutdown done
[GPU 6896] WARNING: pipe error: 109: file c:/builds/moz2_slave/m-rel-w64-00000000000000000000/build/src/ipc/chromium/src/chrome/common/ipc_channel_win.cc, line 346

###!!! [Child][MessageChannel::SendAndWait] Error: Channel error: cannot send/recv

Unable to read VR Path Registry from C:\Users\Marzenka\AppData\Local\openvr\openvrpaths.vrpath

	at org.openqa.selenium.firefox.internal.NewProfileExtensionConnection.start(NewProfileExtensionConnection.java:112)
	... 32 more
... Removed 26 stack frames]]>
    </failure>
  </testcase> <!-- @BeforeMethod beforMethod -->
  <testcase name="@AfterMethod afterMethod" time="0.0" classname="Helion4.HelionTest4">
    <skipped/>
  </testcase> <!-- @AfterMethod afterMethod -->
  <testcase name="@BeforeMethod beforMethod" time="0.0" classname="Helion4.HelionTest4">
    <skipped/>
  </testcase> <!-- @BeforeMethod beforMethod -->
  <testcase name="@AfterMethod afterMethod" time="0.0" classname="Helion4.HelionTest4">
    <skipped/>
  </testcase> <!-- @AfterMethod afterMethod -->
  <testcase name="@BeforeMethod beforMethod" time="0.0" classname="Helion4.HelionTest4">
    <skipped/>
  </testcase> <!-- @BeforeMethod beforMethod -->
  <testcase name="@AfterMethod afterMethod" time="0.0" classname="Helion4.HelionTest4">
    <skipped/>
  </testcase> <!-- @AfterMethod afterMethod -->
  <testcase name="@BeforeMethod beforMethod" time="0.0" classname="Helion4.HelionTest4">
    <skipped/>
  </testcase> <!-- @BeforeMethod beforMethod -->
  <testcase name="@AfterMethod afterMethod" time="0.0" classname="Helion4.HelionTest4">
    <skipped/>
  </testcase> <!-- @AfterMethod afterMethod -->
  <testcase name="@BeforeMethod beforMethod" time="0.0" classname="Helion4.HelionTest4">
    <skipped/>
  </testcase> <!-- @BeforeMethod beforMethod -->
  <testcase name="@AfterMethod afterMethod" time="0.0" classname="Helion4.HelionTest4">
    <skipped/>
  </testcase> <!-- @AfterMethod afterMethod -->
  <testcase name="@BeforeMethod beforMethod" time="0.0" classname="Helion4.HelionTest4">
    <skipped/>
  </testcase> <!-- @BeforeMethod beforMethod -->
  <testcase name="@AfterMethod afterMethod" time="0.0" classname="Helion4.HelionTest4">
    <skipped/>
  </testcase> <!-- @AfterMethod afterMethod -->
  <testcase name="@BeforeMethod beforMethod" time="0.0" classname="Helion4.HelionTest4">
    <skipped/>
  </testcase> <!-- @BeforeMethod beforMethod -->
  <testcase name="@AfterMethod afterMethod" time="0.0" classname="Helion4.HelionTest4">
    <skipped/>
  </testcase> <!-- @AfterMethod afterMethod -->
  <testcase name="@BeforeMethod beforMethod" time="0.0" classname="Helion4.HelionTest4">
    <skipped/>
  </testcase> <!-- @BeforeMethod beforMethod -->
  <testcase name="@AfterMethod afterMethod" time="0.0" classname="Helion4.HelionTest4">
    <skipped/>
  </testcase> <!-- @AfterMethod afterMethod -->
  <testcase name="@BeforeMethod beforMethod" time="0.0" classname="Helion4.HelionTest4">
    <skipped/>
  </testcase> <!-- @BeforeMethod beforMethod -->
  <testcase name="@AfterMethod afterMethod" time="0.0" classname="Helion4.HelionTest4">
    <skipped/>
  </testcase> <!-- @AfterMethod afterMethod -->
  <testcase name="_logInPage" time="0.0" classname="Helion4.HelionTest4">
    <skipped/>
  </testcase> <!-- _logInPage -->
  <testcase name="addCookie" time="0.003" classname="Helion4.HelionTest4">
    <skipped/>
  </testcase> <!-- addCookie -->
  <testcase name="deleteCookie" time="0.003" classname="Helion4.HelionTest4">
    <skipped/>
  </testcase> <!-- deleteCookie -->
  <testcase name="extrctCookie" time="0.001" classname="Helion4.HelionTest4">
    <skipped/>
  </testcase> <!-- extrctCookie -->
  <testcase name="findAllLinks" time="0.002" classname="Helion4.HelionTest4">
    <skipped/>
  </testcase> <!-- findAllLinks -->
  <testcase name="findBrokenLinks" time="0.018" classname="Helion4.HelionTest4">
    <skipped/>
  </testcase> <!-- findBrokenLinks -->
  <testcase name="iconSocialActive" time="0.002" classname="Helion4.HelionTest4">
    <skipped/>
  </testcase> <!-- iconSocialActive -->
  <testcase name="printPageErrors" time="0.003" classname="Helion4.HelionTest4">
    <skipped/>
  </testcase> <!-- printPageErrors -->
  <testcase name="scrollPage" time="0.001" classname="Helion4.HelionTest4">
    <skipped/>
  </testcase> <!-- scrollPage -->
  <testcase name="scroll_PageStstus" time="0.001" classname="Helion4.HelionTest4">
    <skipped/>
  </testcase> <!-- scroll_PageStstus -->
</testsuite> <!-- findAllLinks -->
