<?xml version="1.0" encoding="UTF-8"?>
<!-- Generated by org.testng.reporters.JUnitXMLReporter -->
<testsuite hostname="Marzenka-PC" name="findAllLinks" tests="10" failures="0" timestamp="3 Sep 2017 19:32:46 GMT" time="48.854" errors="0">
  <testcase name="@BeforeMethod beforMethod" time="0.0" classname="Helion4.HelionTest4">
    <failure type="org.openqa.selenium.WebDriverException" message="Failed to connect to binary FirefoxBinary(C:\Program Files\Mozilla Firefox\firefox.exe) on port 7055; process output follows: 
m C:\Users\Marzenka\AppData\Local\openvr\openvrpaths.vrpath
[Child 3632] WARNING: pipe error: 109: file c:/builds/moz2_slave/m-rel-w64-00000000000000000000/build/src/ipc/chromium/src/chrome/common/ipc_channel_win.cc, line 346
[Child 3632] WARNING: pipe error: 109: file c:/builds/moz2_slave/m-rel-w64-00000000000000000000/build/src/ipc/chromium/src/chrome/common/ipc_channel_win.cc, line 346
1504467124952	addons.manager	DEBUG	Starting provider: &amp;lt;unnamed-provider&amp;gt;
1504467124952	addons.manager	DEBUG	Registering shutdown blocker for &amp;lt;unnamed-provider&amp;gt;
1504467124952	addons.manager	DEBUG	Provider finished startup: &amp;lt;unnamed-provider&amp;gt;
1504467124956	addons.xpi	INFO	Mapping fxdriver@googlecode.com to C:\Users\Marzenka\AppData\Local\Temp\anonymous3731208528468110240webdriver-profile\extensions\fxdriver@googlecode.com
1504467124956	addons.xpi	DEBUG	Ignoring file entry whose name is not a valid add-on ID: C:\Users\Marzenka\AppData\Local\Temp\anonymous3731208528468110240webdriver-profile\extensions\webdriver-staging
1504467124957	addons.xpi	DEBUG	Existing add-on fxdriver@googlecode.com in app-profile
1504467124958	addons.xpi	INFO	Mapping aushelper@mozilla.org to C:\Program Files\Mozilla Firefox\browser\features\aushelper@mozilla.org.xpi
1504467124958	addons.xpi	INFO	Mapping clicktoplay-rollout@mozilla.org to C:\Program Files\Mozilla Firefox\browser\features\clicktoplay-rollout@mozilla.org.xpi
1504467124958	addons.xpi	INFO	Mapping e10srollout@mozilla.org to C:\Program Files\Mozilla Firefox\browser\features\e10srollout@mozilla.org.xpi
1504467124958	addons.xpi	INFO	Mapping firefox@getpocket.com to C:\Program Files\Mozilla Firefox\browser\features\firefox@getpocket.com.xpi
1504467124958	addons.xpi	INFO	Mapping followonsearch@mozilla.com to C:\Program Files\Mozilla Firefox\browser\features\followonsearch@mozilla.com.xpi
1504467124958	addons.xpi	INFO	Mapping screenshots@mozilla.org to C:\Program Files\Mozilla Firefox\browser\features\screenshots@mozilla.org.xpi
1504467124959	addons.xpi	INFO	Mapping shield-recipe-client@mozilla.org to C:\Program Files\Mozilla Firefox\browser\features\shield-recipe-client@mozilla.org.xpi
1504467124959	addons.xpi	INFO	Mapping webcompat@mozilla.org to C:\Program Files\Mozilla Firefox\browser\features\webcompat@mozilla.org.xpi
1504467124959	addons.xpi	DEBUG	Existing add-on aushelper@mozilla.org in app-system-defaults
1504467124959	addons.xpi	DEBUG	Existing add-on clicktoplay-rollout@mozilla.org in app-system-defaults
1504467124960	addons.xpi	DEBUG	Existing add-on e10srollout@mozilla.org in app-system-defaults
1504467124960	addons.xpi	DEBUG	Existing add-on firefox@getpocket.com in app-system-defaults
1504467124960	addons.xpi	DEBUG	Existing add-on followonsearch@mozilla.com in app-system-defaults
1504467124961	addons.xpi	DEBUG	Existing add-on screenshots@mozilla.org in app-system-defaults
1504467124961	addons.xpi	DEBUG	Existing add-on shield-recipe-client@mozilla.org in app-system-defaults
1504467124961	addons.xpi	DEBUG	Existing add-on webcompat@mozilla.org in app-system-defaults
1504467124962	addons.xpi	INFO	Mapping {972ce4c6-7e08-4474-a285-3208198ce6fd} to C:\Program Files\Mozilla Firefox\browser\extensions\{972ce4c6-7e08-4474-a285-3208198ce6fd}.xpi
1504467124962	addons.xpi	DEBUG	Existing add-on {972ce4c6-7e08-4474-a285-3208198ce6fd} in app-global
1504467124962	addons.xpi	DEBUG	getInstallState changed: false, state: {}
1504467125055	addons.productaddons	INFO	sending request to: https://aus5.mozilla.org/update/3/GMP/55.0.3/20170824053622/WINNT_x86_64-msvc-x64/pl/release/Windows_NT%206.3.0.0%20(x64)/default/default/update.xml
1504467126605	addons.productaddons	INFO	Completed downloading document
1504467127124	addons.productaddons	INFO	downloadXHR File download. status=200
1504467127145	addons.productaddons	INFO	Downloaded file will be saved to C:\Users\Marzenka\AppData\Local\Temp\tmpaddon
1504467128727	addons.productaddons	INFO	downloadXHR File download. status=200
1504467128730	addons.productaddons	INFO	Downloaded file will be saved to C:\Users\Marzenka\AppData\Local\Temp\tmpaddon

Build info: version: &amp;apos;2.53.0&amp;apos;, revision: &amp;apos;35ae25b&amp;apos;, time: &amp;apos;2016-03-15 16:57:40&amp;apos;
System info: host: &amp;apos;Marzenka-PC&amp;apos;, ip: &amp;apos;192.168.1.4&amp;apos;, os.name: &amp;apos;Windows 8.1&amp;apos;, os.arch: &amp;apos;amd64&amp;apos;, os.version: &amp;apos;6.3&amp;apos;, java.version: &amp;apos;1.8.0_91&amp;apos;
Driver info: driver.version: FirefoxDriver">
      <![CDATA[org.openqa.selenium.WebDriverException: Failed to connect to binary FirefoxBinary(C:\Program Files\Mozilla Firefox\firefox.exe) on port 7055; process output follows: 
m C:\Users\Marzenka\AppData\Local\openvr\openvrpaths.vrpath
[Child 3632] WARNING: pipe error: 109: file c:/builds/moz2_slave/m-rel-w64-00000000000000000000/build/src/ipc/chromium/src/chrome/common/ipc_channel_win.cc, line 346
[Child 3632] WARNING: pipe error: 109: file c:/builds/moz2_slave/m-rel-w64-00000000000000000000/build/src/ipc/chromium/src/chrome/common/ipc_channel_win.cc, line 346
1504467124952	addons.manager	DEBUG	Starting provider: <unnamed-provider>
1504467124952	addons.manager	DEBUG	Registering shutdown blocker for <unnamed-provider>
1504467124952	addons.manager	DEBUG	Provider finished startup: <unnamed-provider>
1504467124956	addons.xpi	INFO	Mapping fxdriver@googlecode.com to C:\Users\Marzenka\AppData\Local\Temp\anonymous3731208528468110240webdriver-profile\extensions\fxdriver@googlecode.com
1504467124956	addons.xpi	DEBUG	Ignoring file entry whose name is not a valid add-on ID: C:\Users\Marzenka\AppData\Local\Temp\anonymous3731208528468110240webdriver-profile\extensions\webdriver-staging
1504467124957	addons.xpi	DEBUG	Existing add-on fxdriver@googlecode.com in app-profile
1504467124958	addons.xpi	INFO	Mapping aushelper@mozilla.org to C:\Program Files\Mozilla Firefox\browser\features\aushelper@mozilla.org.xpi
1504467124958	addons.xpi	INFO	Mapping clicktoplay-rollout@mozilla.org to C:\Program Files\Mozilla Firefox\browser\features\clicktoplay-rollout@mozilla.org.xpi
1504467124958	addons.xpi	INFO	Mapping e10srollout@mozilla.org to C:\Program Files\Mozilla Firefox\browser\features\e10srollout@mozilla.org.xpi
1504467124958	addons.xpi	INFO	Mapping firefox@getpocket.com to C:\Program Files\Mozilla Firefox\browser\features\firefox@getpocket.com.xpi
1504467124958	addons.xpi	INFO	Mapping followonsearch@mozilla.com to C:\Program Files\Mozilla Firefox\browser\features\followonsearch@mozilla.com.xpi
1504467124958	addons.xpi	INFO	Mapping screenshots@mozilla.org to C:\Program Files\Mozilla Firefox\browser\features\screenshots@mozilla.org.xpi
1504467124959	addons.xpi	INFO	Mapping shield-recipe-client@mozilla.org to C:\Program Files\Mozilla Firefox\browser\features\shield-recipe-client@mozilla.org.xpi
1504467124959	addons.xpi	INFO	Mapping webcompat@mozilla.org to C:\Program Files\Mozilla Firefox\browser\features\webcompat@mozilla.org.xpi
1504467124959	addons.xpi	DEBUG	Existing add-on aushelper@mozilla.org in app-system-defaults
1504467124959	addons.xpi	DEBUG	Existing add-on clicktoplay-rollout@mozilla.org in app-system-defaults
1504467124960	addons.xpi	DEBUG	Existing add-on e10srollout@mozilla.org in app-system-defaults
1504467124960	addons.xpi	DEBUG	Existing add-on firefox@getpocket.com in app-system-defaults
1504467124960	addons.xpi	DEBUG	Existing add-on followonsearch@mozilla.com in app-system-defaults
1504467124961	addons.xpi	DEBUG	Existing add-on screenshots@mozilla.org in app-system-defaults
1504467124961	addons.xpi	DEBUG	Existing add-on shield-recipe-client@mozilla.org in app-system-defaults
1504467124961	addons.xpi	DEBUG	Existing add-on webcompat@mozilla.org in app-system-defaults
1504467124962	addons.xpi	INFO	Mapping {972ce4c6-7e08-4474-a285-3208198ce6fd} to C:\Program Files\Mozilla Firefox\browser\extensions\{972ce4c6-7e08-4474-a285-3208198ce6fd}.xpi
1504467124962	addons.xpi	DEBUG	Existing add-on {972ce4c6-7e08-4474-a285-3208198ce6fd} in app-global
1504467124962	addons.xpi	DEBUG	getInstallState changed: false, state: {}
1504467125055	addons.productaddons	INFO	sending request to: https://aus5.mozilla.org/update/3/GMP/55.0.3/20170824053622/WINNT_x86_64-msvc-x64/pl/release/Windows_NT%206.3.0.0%20(x64)/default/default/update.xml
1504467126605	addons.productaddons	INFO	Completed downloading document
1504467127124	addons.productaddons	INFO	downloadXHR File download. status=200
1504467127145	addons.productaddons	INFO	Downloaded file will be saved to C:\Users\Marzenka\AppData\Local\Temp\tmpaddon
1504467128727	addons.productaddons	INFO	downloadXHR File download. status=200
1504467128730	addons.productaddons	INFO	Downloaded file will be saved to C:\Users\Marzenka\AppData\Local\Temp\tmpaddon

Build info: version: '2.53.0', revision: '35ae25b', time: '2016-03-15 16:57:40'
System info: host: 'Marzenka-PC', ip: '192.168.1.4', os.name: 'Windows 8.1', os.arch: 'amd64', os.version: '6.3', java.version: '1.8.0_91'
Driver info: driver.version: FirefoxDriver
	at org.openqa.selenium.firefox.internal.NewProfileExtensionConnection.start(NewProfileExtensionConnection.java:124)
	at org.openqa.selenium.firefox.FirefoxDriver.startClient(FirefoxDriver.java:271)
	at org.openqa.selenium.remote.RemoteWebDriver.<init>(RemoteWebDriver.java:119)
	at org.openqa.selenium.firefox.FirefoxDriver.<init>(FirefoxDriver.java:218)
	at org.openqa.selenium.firefox.FirefoxDriver.<init>(FirefoxDriver.java:211)
	at org.openqa.selenium.firefox.FirefoxDriver.<init>(FirefoxDriver.java:207)
	at org.openqa.selenium.firefox.FirefoxDriver.<init>(FirefoxDriver.java:120)
	at Helion4.HelionTest4.beforMethod(HelionTest4.java:69)
Caused by: org.openqa.selenium.firefox.NotConnectedException: Unable to connect to host 127.0.0.1 on port 7055 after 45000 ms. Firefox console output:
m C:\Users\Marzenka\AppData\Local\openvr\openvrpaths.vrpath
[Child 3632] WARNING: pipe error: 109: file c:/builds/moz2_slave/m-rel-w64-00000000000000000000/build/src/ipc/chromium/src/chrome/common/ipc_channel_win.cc, line 346
[Child 3632] WARNING: pipe error: 109: file c:/builds/moz2_slave/m-rel-w64-00000000000000000000/build/src/ipc/chromium/src/chrome/common/ipc_channel_win.cc, line 346
1504467124952	addons.manager	DEBUG	Starting provider: <unnamed-provider>
1504467124952	addons.manager	DEBUG	Registering shutdown blocker for <unnamed-provider>
1504467124952	addons.manager	DEBUG	Provider finished startup: <unnamed-provider>
1504467124956	addons.xpi	INFO	Mapping fxdriver@googlecode.com to C:\Users\Marzenka\AppData\Local\Temp\anonymous3731208528468110240webdriver-profile\extensions\fxdriver@googlecode.com
1504467124956	addons.xpi	DEBUG	Ignoring file entry whose name is not a valid add-on ID: C:\Users\Marzenka\AppData\Local\Temp\anonymous3731208528468110240webdriver-profile\extensions\webdriver-staging
1504467124957	addons.xpi	DEBUG	Existing add-on fxdriver@googlecode.com in app-profile
1504467124958	addons.xpi	INFO	Mapping aushelper@mozilla.org to C:\Program Files\Mozilla Firefox\browser\features\aushelper@mozilla.org.xpi
1504467124958	addons.xpi	INFO	Mapping clicktoplay-rollout@mozilla.org to C:\Program Files\Mozilla Firefox\browser\features\clicktoplay-rollout@mozilla.org.xpi
1504467124958	addons.xpi	INFO	Mapping e10srollout@mozilla.org to C:\Program Files\Mozilla Firefox\browser\features\e10srollout@mozilla.org.xpi
1504467124958	addons.xpi	INFO	Mapping firefox@getpocket.com to C:\Program Files\Mozilla Firefox\browser\features\firefox@getpocket.com.xpi
1504467124958	addons.xpi	INFO	Mapping followonsearch@mozilla.com to C:\Program Files\Mozilla Firefox\browser\features\followonsearch@mozilla.com.xpi
1504467124958	addons.xpi	INFO	Mapping screenshots@mozilla.org to C:\Program Files\Mozilla Firefox\browser\features\screenshots@mozilla.org.xpi
1504467124959	addons.xpi	INFO	Mapping shield-recipe-client@mozilla.org to C:\Program Files\Mozilla Firefox\browser\features\shield-recipe-client@mozilla.org.xpi
1504467124959	addons.xpi	INFO	Mapping webcompat@mozilla.org to C:\Program Files\Mozilla Firefox\browser\features\webcompat@mozilla.org.xpi
1504467124959	addons.xpi	DEBUG	Existing add-on aushelper@mozilla.org in app-system-defaults
1504467124959	addons.xpi	DEBUG	Existing add-on clicktoplay-rollout@mozilla.org in app-system-defaults
1504467124960	addons.xpi	DEBUG	Existing add-on e10srollout@mozilla.org in app-system-defaults
1504467124960	addons.xpi	DEBUG	Existing add-on firefox@getpocket.com in app-system-defaults
1504467124960	addons.xpi	DEBUG	Existing add-on followonsearch@mozilla.com in app-system-defaults
1504467124961	addons.xpi	DEBUG	Existing add-on screenshots@mozilla.org in app-system-defaults
1504467124961	addons.xpi	DEBUG	Existing add-on shield-recipe-client@mozilla.org in app-system-defaults
1504467124961	addons.xpi	DEBUG	Existing add-on webcompat@mozilla.org in app-system-defaults
1504467124962	addons.xpi	INFO	Mapping {972ce4c6-7e08-4474-a285-3208198ce6fd} to C:\Program Files\Mozilla Firefox\browser\extensions\{972ce4c6-7e08-4474-a285-3208198ce6fd}.xpi
1504467124962	addons.xpi	DEBUG	Existing add-on {972ce4c6-7e08-4474-a285-3208198ce6fd} in app-global
1504467124962	addons.xpi	DEBUG	getInstallState changed: false, state: {}
1504467125055	addons.productaddons	INFO	sending request to: https://aus5.mozilla.org/update/3/GMP/55.0.3/20170824053622/WINNT_x86_64-msvc-x64/pl/release/Windows_NT%206.3.0.0%20(x64)/default/default/update.xml
1504467126605	addons.productaddons	INFO	Completed downloading document
1504467127124	addons.productaddons	INFO	downloadXHR File download. status=200
1504467127145	addons.productaddons	INFO	Downloaded file will be saved to C:\Users\Marzenka\AppData\Local\Temp\tmpaddon
1504467128727	addons.productaddons	INFO	downloadXHR File download. status=200
1504467128730	addons.productaddons	INFO	Downloaded file will be saved to C:\Users\Marzenka\AppData\Local\Temp\tmpaddon

	at org.openqa.selenium.firefox.internal.NewProfileExtensionConnection.start(NewProfileExtensionConnection.java:112)
	... 33 more
... Removed 26 stack frames]]>
    </failure>
  </testcase> <!-- @BeforeMethod beforMethod -->
  <testcase name="@AfterMethod afterMethod" time="0.0" classname="Helion4.HelionTest4">
    <skipped/>
  </testcase> <!-- @AfterMethod afterMethod -->
  <testcase name="@BeforeMethod beforMethod" time="0.0" classname="Helion4.HelionTest4">
    <skipped/>
  </testcase> <!-- @BeforeMethod beforMethod -->
  <testcase name="@AfterMethod afterMethod" time="0.0" classname="Helion4.HelionTest4">
    <skipped/>
  </testcase> <!-- @AfterMethod afterMethod -->
  <testcase name="@BeforeMethod beforMethod" time="0.0" classname="Helion4.HelionTest4">
    <skipped/>
  </testcase> <!-- @BeforeMethod beforMethod -->
  <testcase name="@AfterMethod afterMethod" time="0.0" classname="Helion4.HelionTest4">
    <skipped/>
  </testcase> <!-- @AfterMethod afterMethod -->
  <testcase name="@BeforeMethod beforMethod" time="0.0" classname="Helion4.HelionTest4">
    <skipped/>
  </testcase> <!-- @BeforeMethod beforMethod -->
  <testcase name="@AfterMethod afterMethod" time="0.0" classname="Helion4.HelionTest4">
    <skipped/>
  </testcase> <!-- @AfterMethod afterMethod -->
  <testcase name="@BeforeMethod beforMethod" time="0.0" classname="Helion4.HelionTest4">
    <skipped/>
  </testcase> <!-- @BeforeMethod beforMethod -->
  <testcase name="@AfterMethod afterMethod" time="0.0" classname="Helion4.HelionTest4">
    <skipped/>
  </testcase> <!-- @AfterMethod afterMethod -->
  <testcase name="@BeforeMethod beforMethod" time="0.0" classname="Helion4.HelionTest4">
    <skipped/>
  </testcase> <!-- @BeforeMethod beforMethod -->
  <testcase name="@AfterMethod afterMethod" time="0.0" classname="Helion4.HelionTest4">
    <skipped/>
  </testcase> <!-- @AfterMethod afterMethod -->
  <testcase name="@BeforeMethod beforMethod" time="0.0" classname="Helion4.HelionTest4">
    <skipped/>
  </testcase> <!-- @BeforeMethod beforMethod -->
  <testcase name="@AfterMethod afterMethod" time="0.0" classname="Helion4.HelionTest4">
    <skipped/>
  </testcase> <!-- @AfterMethod afterMethod -->
  <testcase name="@BeforeMethod beforMethod" time="0.0" classname="Helion4.HelionTest4">
    <skipped/>
  </testcase> <!-- @BeforeMethod beforMethod -->
  <testcase name="@AfterMethod afterMethod" time="0.0" classname="Helion4.HelionTest4">
    <skipped/>
  </testcase> <!-- @AfterMethod afterMethod -->
  <testcase name="@BeforeMethod beforMethod" time="0.0" classname="Helion4.HelionTest4">
    <skipped/>
  </testcase> <!-- @BeforeMethod beforMethod -->
  <testcase name="@AfterMethod afterMethod" time="0.0" classname="Helion4.HelionTest4">
    <skipped/>
  </testcase> <!-- @AfterMethod afterMethod -->
  <testcase name="_logInPage" time="0.0" classname="Helion4.HelionTest4">
    <skipped/>
  </testcase> <!-- _logInPage -->
  <testcase name="addCookie" time="0.0" classname="Helion4.HelionTest4">
    <skipped/>
  </testcase> <!-- addCookie -->
  <testcase name="deleteCookie" time="0.0" classname="Helion4.HelionTest4">
    <skipped/>
  </testcase> <!-- deleteCookie -->
  <testcase name="extrctCookie" time="0.0" classname="Helion4.HelionTest4">
    <skipped/>
  </testcase> <!-- extrctCookie -->
  <testcase name="findAllLinks" time="0.0" classname="Helion4.HelionTest4">
    <skipped/>
  </testcase> <!-- findAllLinks -->
  <testcase name="findBrokenLinks" time="0.0" classname="Helion4.HelionTest4">
    <skipped/>
  </testcase> <!-- findBrokenLinks -->
  <testcase name="iconSocialActive" time="0.0" classname="Helion4.HelionTest4">
    <skipped/>
  </testcase> <!-- iconSocialActive -->
  <testcase name="printPageErrors" time="0.0" classname="Helion4.HelionTest4">
    <skipped/>
  </testcase> <!-- printPageErrors -->
  <testcase name="scrollPage" time="0.0" classname="Helion4.HelionTest4">
    <skipped/>
  </testcase> <!-- scrollPage -->
  <testcase name="scroll_PageStstus" time="0.015" classname="Helion4.HelionTest4">
    <skipped/>
  </testcase> <!-- scroll_PageStstus -->
</testsuite> <!-- findAllLinks -->
