<?xml version="1.0" encoding="UTF-8"?>
<!-- Generated by org.testng.reporters.JUnitXMLReporter -->
<testsuite hostname="Marzenka-PC" name="logInPage" tests="10" failures="0" timestamp="3 Sep 2017 19:30:44 GMT" time="0.088" errors="0">
  <testcase name="@BeforeMethod beforMethod" time="0.0" classname="Helion4.HelionTest4">
    <failure type="org.testng.TestNGException" message="
Parameter &amp;apos;browser&amp;apos; is required by @Configuration on method beforMethod but has not been marked @Optional or defined
in C:\Users\Marzenka\workspaceselenium\HelionTestProject\testng.xml">
      <![CDATA[org.testng.TestNGException: 
Parameter 'browser' is required by @Configuration on method beforMethod but has not been marked @Optional or defined
in C:\Users\Marzenka\workspaceselenium\HelionTestProject\testng.xml
... Removed 23 stack frames]]>
    </failure>
  </testcase> <!-- @BeforeMethod beforMethod -->
  <testcase name="@AfterMethod afterMethod" time="0.0" classname="Helion4.HelionTest4">
    <skipped/>
  </testcase> <!-- @AfterMethod afterMethod -->
  <testcase name="@BeforeMethod beforMethod" time="0.0" classname="Helion4.HelionTest4">
    <skipped/>
  </testcase> <!-- @BeforeMethod beforMethod -->
  <testcase name="@AfterMethod afterMethod" time="0.0" classname="Helion4.HelionTest4">
    <skipped/>
  </testcase> <!-- @AfterMethod afterMethod -->
  <testcase name="@BeforeMethod beforMethod" time="0.0" classname="Helion4.HelionTest4">
    <skipped/>
  </testcase> <!-- @BeforeMethod beforMethod -->
  <testcase name="@AfterMethod afterMethod" time="0.0" classname="Helion4.HelionTest4">
    <skipped/>
  </testcase> <!-- @AfterMethod afterMethod -->
  <testcase name="@BeforeMethod beforMethod" time="0.0" classname="Helion4.HelionTest4">
    <skipped/>
  </testcase> <!-- @BeforeMethod beforMethod -->
  <testcase name="@AfterMethod afterMethod" time="0.0" classname="Helion4.HelionTest4">
    <skipped/>
  </testcase> <!-- @AfterMethod afterMethod -->
  <testcase name="@BeforeMethod beforMethod" time="0.0" classname="Helion4.HelionTest4">
    <skipped/>
  </testcase> <!-- @BeforeMethod beforMethod -->
  <testcase name="@AfterMethod afterMethod" time="0.0" classname="Helion4.HelionTest4">
    <skipped/>
  </testcase> <!-- @AfterMethod afterMethod -->
  <testcase name="@BeforeMethod beforMethod" time="0.0" classname="Helion4.HelionTest4">
    <skipped/>
  </testcase> <!-- @BeforeMethod beforMethod -->
  <testcase name="@AfterMethod afterMethod" time="0.0" classname="Helion4.HelionTest4">
    <skipped/>
  </testcase> <!-- @AfterMethod afterMethod -->
  <testcase name="@BeforeMethod beforMethod" time="0.0" classname="Helion4.HelionTest4">
    <skipped/>
  </testcase> <!-- @BeforeMethod beforMethod -->
  <testcase name="@AfterMethod afterMethod" time="0.0" classname="Helion4.HelionTest4">
    <skipped/>
  </testcase> <!-- @AfterMethod afterMethod -->
  <testcase name="@BeforeMethod beforMethod" time="0.0" classname="Helion4.HelionTest4">
    <skipped/>
  </testcase> <!-- @BeforeMethod beforMethod -->
  <testcase name="@AfterMethod afterMethod" time="0.0" classname="Helion4.HelionTest4">
    <skipped/>
  </testcase> <!-- @AfterMethod afterMethod -->
  <testcase name="@BeforeMethod beforMethod" time="0.0" classname="Helion4.HelionTest4">
    <skipped/>
  </testcase> <!-- @BeforeMethod beforMethod -->
  <testcase name="@AfterMethod afterMethod" time="0.0" classname="Helion4.HelionTest4">
    <skipped/>
  </testcase> <!-- @AfterMethod afterMethod -->
  <testcase name="@BeforeMethod beforMethod" time="0.0" classname="Helion4.HelionTest4">
    <skipped/>
  </testcase> <!-- @BeforeMethod beforMethod -->
  <testcase name="@AfterMethod afterMethod" time="0.0" classname="Helion4.HelionTest4">
    <skipped/>
  </testcase> <!-- @AfterMethod afterMethod -->
  <testcase name="_logInPage" time="0.01" classname="Helion4.HelionTest4">
    <skipped/>
  </testcase> <!-- _logInPage -->
  <testcase name="addCookie" time="0.0" classname="Helion4.HelionTest4">
    <skipped/>
  </testcase> <!-- addCookie -->
  <testcase name="deleteCookie" time="0.0" classname="Helion4.HelionTest4">
    <skipped/>
  </testcase> <!-- deleteCookie -->
  <testcase name="extrctCookie" time="0.0" classname="Helion4.HelionTest4">
    <skipped/>
  </testcase> <!-- extrctCookie -->
  <testcase name="findAllLinks" time="0.0" classname="Helion4.HelionTest4">
    <skipped/>
  </testcase> <!-- findAllLinks -->
  <testcase name="findBrokenLinks" time="0.0" classname="Helion4.HelionTest4">
    <skipped/>
  </testcase> <!-- findBrokenLinks -->
  <testcase name="iconSocialActive" time="0.0" classname="Helion4.HelionTest4">
    <skipped/>
  </testcase> <!-- iconSocialActive -->
  <testcase name="printPageErrors" time="0.0" classname="Helion4.HelionTest4">
    <skipped/>
  </testcase> <!-- printPageErrors -->
  <testcase name="scrollPage" time="0.0" classname="Helion4.HelionTest4">
    <skipped/>
  </testcase> <!-- scrollPage -->
  <testcase name="scroll_PageStstus" time="0.0" classname="Helion4.HelionTest4">
    <skipped/>
  </testcase> <!-- scroll_PageStstus -->
</testsuite> <!-- logInPage -->
